<?xml version="1.0" encoding="UTF-8"?>
<testsuite name="com.project.rg.Calculator.service.ApplicationTests" tests="1" skipped="0" failures="0" errors="0" timestamp="2022-12-17T10:03:10" hostname="MBXNY9P6K703" time="0.161">
  <properties/>
  <testcase name="contextLoads()" classname="com.project.rg.Calculator.service.ApplicationTests" time="0.161"/>
  <system-out><![CDATA[15:33:09.604 [Test worker] DEBUG org.springframework.test.context.BootstrapUtils - Instantiating CacheAwareContextLoaderDelegate from class [org.springframework.test.context.cache.DefaultCacheAwareContextLoaderDelegate]
15:33:09.609 [Test worker] DEBUG org.springframework.test.context.BootstrapUtils - Instantiating BootstrapContext using constructor [public org.springframework.test.context.support.DefaultBootstrapContext(java.lang.Class,org.springframework.test.context.CacheAwareContextLoaderDelegate)]
15:33:09.625 [Test worker] DEBUG org.springframework.test.context.BootstrapUtils - Instantiating TestContextBootstrapper for test class [com.project.rg.Calculator.service.ApplicationTests] from class [org.springframework.boot.test.context.SpringBootTestContextBootstrapper]
15:33:09.630 [Test worker] INFO org.springframework.boot.test.context.SpringBootTestContextBootstrapper - Neither @ContextConfiguration nor @ContextHierarchy found for test class [com.project.rg.Calculator.service.ApplicationTests], using SpringBootContextLoader
15:33:09.631 [Test worker] DEBUG org.springframework.test.context.support.AbstractContextLoader - Did not detect default resource location for test class [com.project.rg.Calculator.service.ApplicationTests]: class path resource [com/project/rg/Calculator/service/ApplicationTests-context.xml] does not exist
15:33:09.632 [Test worker] DEBUG org.springframework.test.context.support.AbstractContextLoader - Did not detect default resource location for test class [com.project.rg.Calculator.service.ApplicationTests]: class path resource [com/project/rg/Calculator/service/ApplicationTestsContext.groovy] does not exist
15:33:09.632 [Test worker] INFO org.springframework.test.context.support.AbstractContextLoader - Could not detect default resource locations for test class [com.project.rg.Calculator.service.ApplicationTests]: no resource found for suffixes {-context.xml, Context.groovy}.
15:33:09.632 [Test worker] INFO org.springframework.test.context.support.AnnotationConfigContextLoaderUtils - Could not detect default configuration classes for test class [com.project.rg.Calculator.service.ApplicationTests]: ApplicationTests does not declare any static, non-private, non-final, nested classes annotated with @Configuration.
15:33:09.655 [Test worker] DEBUG org.springframework.test.context.support.ActiveProfilesUtils - Could not find an 'annotation declaring class' for annotation type [org.springframework.test.context.ActiveProfiles] and class [com.project.rg.Calculator.service.ApplicationTests]
15:33:09.679 [Test worker] DEBUG org.springframework.context.annotation.ClassPathScanningCandidateComponentProvider - Identified candidate component class: file [/Users/Ritu.Gupta/Documents/D/Rg/PROJECTS/Personal_Projects/Calculator-Backend/build/classes/java/main/com/project/rg/Calculator/Application.class]
15:33:09.680 [Test worker] INFO org.springframework.boot.test.context.SpringBootTestContextBootstrapper - Found @SpringBootConfiguration com.project.rg.Calculator.Application for test class com.project.rg.Calculator.service.ApplicationTests
15:33:09.723 [Test worker] DEBUG org.springframework.boot.test.context.SpringBootTestContextBootstrapper - @TestExecutionListeners is not present for class [com.project.rg.Calculator.service.ApplicationTests]: using defaults.
15:33:09.723 [Test worker] INFO org.springframework.boot.test.context.SpringBootTestContextBootstrapper - Loaded default TestExecutionListener class names from location [META-INF/spring.factories]: [org.springframework.boot.test.autoconfigure.restdocs.RestDocsTestExecutionListener, org.springframework.boot.test.autoconfigure.web.client.MockRestServiceServerResetTestExecutionListener, org.springframework.boot.test.autoconfigure.web.servlet.MockMvcPrintOnlyOnFailureTestExecutionListener, org.springframework.boot.test.autoconfigure.web.servlet.WebDriverTestExecutionListener, org.springframework.boot.test.autoconfigure.webservices.client.MockWebServiceServerTestExecutionListener, org.springframework.boot.test.mock.mockito.MockitoTestExecutionListener, org.springframework.boot.test.mock.mockito.ResetMocksTestExecutionListener, org.springframework.test.context.web.ServletTestExecutionListener, org.springframework.test.context.support.DirtiesContextBeforeModesTestExecutionListener, org.springframework.test.context.event.ApplicationEventsTestExecutionListener, org.springframework.test.context.support.DependencyInjectionTestExecutionListener, org.springframework.test.context.support.DirtiesContextTestExecutionListener, org.springframework.test.context.transaction.TransactionalTestExecutionListener, org.springframework.test.context.jdbc.SqlScriptsTestExecutionListener, org.springframework.test.context.event.EventPublishingTestExecutionListener]
15:33:09.731 [Test worker] INFO org.springframework.boot.test.context.SpringBootTestContextBootstrapper - Using TestExecutionListeners: [org.springframework.test.context.web.ServletTestExecutionListener@2b5cb9b2, org.springframework.test.context.support.DirtiesContextBeforeModesTestExecutionListener@35038141, org.springframework.test.context.event.ApplicationEventsTestExecutionListener@ecf9049, org.springframework.boot.test.mock.mockito.MockitoTestExecutionListener@672f11c2, org.springframework.boot.test.autoconfigure.SpringBootDependencyInjectionTestExecutionListener@2970a5bc, org.springframework.test.context.support.DirtiesContextTestExecutionListener@50305a, org.springframework.test.context.transaction.TransactionalTestExecutionListener@72efb5c1, org.springframework.test.context.jdbc.SqlScriptsTestExecutionListener@6d511b5f, org.springframework.test.context.event.EventPublishingTestExecutionListener@41200e0c, org.springframework.boot.test.autoconfigure.restdocs.RestDocsTestExecutionListener@40f33492, org.springframework.boot.test.autoconfigure.web.client.MockRestServiceServerResetTestExecutionListener@4fbdc0f0, org.springframework.boot.test.autoconfigure.web.servlet.MockMvcPrintOnlyOnFailureTestExecutionListener@2ad3a1bb, org.springframework.boot.test.autoconfigure.web.servlet.WebDriverTestExecutionListener@6bc28a83, org.springframework.boot.test.autoconfigure.webservices.client.MockWebServiceServerTestExecutionListener@324c64cd, org.springframework.boot.test.mock.mockito.ResetMocksTestExecutionListener@13579834]
15:33:09.733 [Test worker] DEBUG org.springframework.test.context.support.AbstractDirtiesContextTestExecutionListener - Before test class: context [DefaultTestContext@29ad44e3 testClass = ApplicationTests, testInstance = [null], testMethod = [null], testException = [null], mergedContextConfiguration = [WebMergedContextConfiguration@15bcf458 testClass = ApplicationTests, locations = '{}', classes = '{class com.project.rg.Calculator.Application}', contextInitializerClasses = '[]', activeProfiles = '{}', propertySourceLocations = '{}', propertySourceProperties = '{org.springframework.boot.test.context.SpringBootTestContextBootstrapper=true}', contextCustomizers = set[org.springframework.boot.test.autoconfigure.actuate.metrics.MetricsExportContextCustomizerFactory$DisableMetricExportContextCustomizer@6c25e6c4, org.springframework.boot.test.autoconfigure.properties.PropertyMappingContextCustomizer@0, org.springframework.boot.test.autoconfigure.web.servlet.WebDriverContextCustomizerFactory$Customizer@4bd1f8dd, org.springframework.boot.test.context.filter.ExcludeFilterContextCustomizer@3d3ba765, org.springframework.boot.test.json.DuplicateJsonObjectContextCustomizerFactory$DuplicateJsonObjectContextCustomizer@5c18016b, org.springframework.boot.test.mock.mockito.MockitoContextCustomizer@0, org.springframework.boot.test.web.client.TestRestTemplateContextCustomizer@4351c8c3, org.springframework.boot.test.context.SpringBootTestArgs@1, org.springframework.boot.test.context.SpringBootTestWebEnvironment@49c90a9c], resourceBasePath = 'src/main/webapp', contextLoader = 'org.springframework.boot.test.context.SpringBootContextLoader', parent = [null]], attributes = map['org.springframework.test.context.web.ServletTestExecutionListener.activateListener' -> true]], class annotated with @DirtiesContext [false] with mode [null].

  .   ____          _            __ _ _
 /\\ / ___'_ __ _ _(_)_ __  __ _ \ \ \ \
( ( )\___ | '_ | '_| | '_ \/ _` | \ \ \ \
 \\/  ___)| |_)| | | | | || (_| |  ) ) ) )
  '  |____| .__|_| |_|_| |_\__, | / / / /
 =========|_|==============|___/=/_/_/_/
 :: Spring Boot ::                (v2.7.4)

2022-12-17 15:33:09.878  INFO 14755 --- [    Test worker] c.p.r.C.service.ApplicationTests         : Starting ApplicationTests using Java 11.0.16 on MBXNY9P6K703 with PID 14755 (started by Ritu.Gupta in /Users/Ritu.Gupta/Documents/D/Rg/PROJECTS/Personal_Projects/Calculator-Backend)
2022-12-17 15:33:09.878  INFO 14755 --- [    Test worker] c.p.r.C.service.ApplicationTests         : No active profile set, falling back to 1 default profile: "default"
2022-12-17 15:33:10.206  INFO 14755 --- [    Test worker] .s.d.r.c.RepositoryConfigurationDelegate : Bootstrapping Spring Data MongoDB repositories in DEFAULT mode.
2022-12-17 15:33:10.229  INFO 14755 --- [    Test worker] .s.d.r.c.RepositoryConfigurationDelegate : Finished Spring Data repository scanning in 20 ms. Found 1 MongoDB repository interfaces.
2022-12-17 15:33:10.444  INFO 14755 --- [    Test worker] org.mongodb.driver.client                : MongoClient with metadata {"driver": {"name": "mongo-java-driver|sync|spring-boot", "version": "4.6.1"}, "os": {"type": "Darwin", "name": "Mac OS X", "architecture": "aarch64", "version": "12.6"}, "platform": "Java/Oracle Corporation/11.0.16+11-LTS-199"} created with settings MongoClientSettings{readPreference=primary, writeConcern=WriteConcern{w=null, wTimeout=null ms, journal=null}, retryWrites=true, retryReads=true, readConcern=ReadConcern{level=null}, credential=null, streamFactoryFactory=null, commandListeners=[], codecRegistry=ProvidersCodecRegistry{codecProviders=[ValueCodecProvider{}, BsonValueCodecProvider{}, DBRefCodecProvider{}, DBObjectCodecProvider{}, DocumentCodecProvider{}, IterableCodecProvider{}, MapCodecProvider{}, GeoJsonCodecProvider{}, GridFSFileCodecProvider{}, Jsr310CodecProvider{}, JsonObjectCodecProvider{}, BsonCodecProvider{}, EnumCodecProvider{}, com.mongodb.Jep395RecordCodecProvider@10244722]}, clusterSettings={hosts=[localhost:27017], srvServiceName=mongodb, mode=SINGLE, requiredClusterType=UNKNOWN, requiredReplicaSetName='null', serverSelector='null', clusterListeners='[]', serverSelectionTimeout='30000 ms', localThreshold='30000 ms'}, socketSettings=SocketSettings{connectTimeoutMS=10000, readTimeoutMS=0, receiveBufferSize=0, sendBufferSize=0}, heartbeatSocketSettings=SocketSettings{connectTimeoutMS=10000, readTimeoutMS=10000, receiveBufferSize=0, sendBufferSize=0}, connectionPoolSettings=ConnectionPoolSettings{maxSize=100, minSize=0, maxWaitTimeMS=120000, maxConnectionLifeTimeMS=0, maxConnectionIdleTimeMS=0, maintenanceInitialDelayMS=0, maintenanceFrequencyMS=60000, connectionPoolListeners=[], maxConnecting=2}, serverSettings=ServerSettings{heartbeatFrequencyMS=10000, minHeartbeatFrequencyMS=500, serverListeners='[]', serverMonitorListeners='[]'}, sslSettings=SslSettings{enabled=false, invalidHostNameAllowed=false, context=null}, applicationName='null', compressorList=[], uuidRepresentation=JAVA_LEGACY, serverApi=null, autoEncryptionSettings=null, contextProvider=null}
2022-12-17 15:33:10.469  INFO 14755 --- [localhost:27017] org.mongodb.driver.connection            : Opened connection [connectionId{localValue:2, serverValue:28}] to localhost:27017
2022-12-17 15:33:10.469  INFO 14755 --- [localhost:27017] org.mongodb.driver.connection            : Opened connection [connectionId{localValue:1, serverValue:27}] to localhost:27017
2022-12-17 15:33:10.469  INFO 14755 --- [localhost:27017] org.mongodb.driver.cluster               : Monitor thread successfully connected to server with description ServerDescription{address=localhost:27017, type=STANDALONE, state=CONNECTED, ok=true, minWireVersion=0, maxWireVersion=17, maxDocumentSize=16777216, logicalSessionTimeoutMinutes=30, roundTripTimeNanos=12963625}
2022-12-17 15:33:10.929  INFO 14755 --- [    Test worker] c.p.r.C.service.ApplicationTests         : Started ApplicationTests in 1.179 seconds (JVM running for 1.937)
]]></system-out>
  <system-err><![CDATA[]]></system-err>
</testsuite>
