<?xml version="1.0" encoding="UTF-8"?>
<testsuite name="com.project.rg.Calculator.service.ApplicationTests" tests="1" skipped="0" failures="0" errors="0" timestamp="2022-12-16T07:17:45" hostname="MBXNY9P6K703" time="0.152">
  <properties/>
  <testcase name="contextLoads()" classname="com.project.rg.Calculator.service.ApplicationTests" time="0.152"/>
  <system-out><![CDATA[12:47:44.850 [Test worker] DEBUG org.springframework.test.context.BootstrapUtils - Instantiating CacheAwareContextLoaderDelegate from class [org.springframework.test.context.cache.DefaultCacheAwareContextLoaderDelegate]
12:47:44.855 [Test worker] DEBUG org.springframework.test.context.BootstrapUtils - Instantiating BootstrapContext using constructor [public org.springframework.test.context.support.DefaultBootstrapContext(java.lang.Class,org.springframework.test.context.CacheAwareContextLoaderDelegate)]
12:47:44.871 [Test worker] DEBUG org.springframework.test.context.BootstrapUtils - Instantiating TestContextBootstrapper for test class [com.project.rg.Calculator.service.ApplicationTests] from class [org.springframework.boot.test.context.SpringBootTestContextBootstrapper]
12:47:44.875 [Test worker] INFO org.springframework.boot.test.context.SpringBootTestContextBootstrapper - Neither @ContextConfiguration nor @ContextHierarchy found for test class [com.project.rg.Calculator.service.ApplicationTests], using SpringBootContextLoader
12:47:44.877 [Test worker] DEBUG org.springframework.test.context.support.AbstractContextLoader - Did not detect default resource location for test class [com.project.rg.Calculator.service.ApplicationTests]: class path resource [com/project/rg/Calculator/service/ApplicationTests-context.xml] does not exist
12:47:44.877 [Test worker] DEBUG org.springframework.test.context.support.AbstractContextLoader - Did not detect default resource location for test class [com.project.rg.Calculator.service.ApplicationTests]: class path resource [com/project/rg/Calculator/service/ApplicationTestsContext.groovy] does not exist
12:47:44.877 [Test worker] INFO org.springframework.test.context.support.AbstractContextLoader - Could not detect default resource locations for test class [com.project.rg.Calculator.service.ApplicationTests]: no resource found for suffixes {-context.xml, Context.groovy}.
12:47:44.878 [Test worker] INFO org.springframework.test.context.support.AnnotationConfigContextLoaderUtils - Could not detect default configuration classes for test class [com.project.rg.Calculator.service.ApplicationTests]: ApplicationTests does not declare any static, non-private, non-final, nested classes annotated with @Configuration.
12:47:44.897 [Test worker] DEBUG org.springframework.test.context.support.ActiveProfilesUtils - Could not find an 'annotation declaring class' for annotation type [org.springframework.test.context.ActiveProfiles] and class [com.project.rg.Calculator.service.ApplicationTests]
12:47:44.923 [Test worker] DEBUG org.springframework.context.annotation.ClassPathScanningCandidateComponentProvider - Identified candidate component class: file [/Users/Ritu.Gupta/Documents/D/Rg/PROJECTS/Personal_Projects/Calculator-Backend/build/classes/java/main/com/project/rg/Calculator/Application.class]
12:47:44.924 [Test worker] INFO org.springframework.boot.test.context.SpringBootTestContextBootstrapper - Found @SpringBootConfiguration com.project.rg.Calculator.Application for test class com.project.rg.Calculator.service.ApplicationTests
12:47:44.969 [Test worker] DEBUG org.springframework.boot.test.context.SpringBootTestContextBootstrapper - @TestExecutionListeners is not present for class [com.project.rg.Calculator.service.ApplicationTests]: using defaults.
12:47:44.969 [Test worker] INFO org.springframework.boot.test.context.SpringBootTestContextBootstrapper - Loaded default TestExecutionListener class names from location [META-INF/spring.factories]: [org.springframework.boot.test.autoconfigure.restdocs.RestDocsTestExecutionListener, org.springframework.boot.test.autoconfigure.web.client.MockRestServiceServerResetTestExecutionListener, org.springframework.boot.test.autoconfigure.web.servlet.MockMvcPrintOnlyOnFailureTestExecutionListener, org.springframework.boot.test.autoconfigure.web.servlet.WebDriverTestExecutionListener, org.springframework.boot.test.autoconfigure.webservices.client.MockWebServiceServerTestExecutionListener, org.springframework.boot.test.mock.mockito.MockitoTestExecutionListener, org.springframework.boot.test.mock.mockito.ResetMocksTestExecutionListener, org.springframework.test.context.web.ServletTestExecutionListener, org.springframework.test.context.support.DirtiesContextBeforeModesTestExecutionListener, org.springframework.test.context.event.ApplicationEventsTestExecutionListener, org.springframework.test.context.support.DependencyInjectionTestExecutionListener, org.springframework.test.context.support.DirtiesContextTestExecutionListener, org.springframework.test.context.transaction.TransactionalTestExecutionListener, org.springframework.test.context.jdbc.SqlScriptsTestExecutionListener, org.springframework.test.context.event.EventPublishingTestExecutionListener]
12:47:44.973 [Test worker] DEBUG org.springframework.boot.test.context.SpringBootTestContextBootstrapper - Skipping candidate TestExecutionListener [org.springframework.test.context.transaction.TransactionalTestExecutionListener] due to a missing dependency. Specify custom listener classes or make the default listener classes and their required dependencies available. Offending class: [org/springframework/transaction/interceptor/TransactionAttributeSource]
12:47:44.973 [Test worker] DEBUG org.springframework.boot.test.context.SpringBootTestContextBootstrapper - Skipping candidate TestExecutionListener [org.springframework.test.context.jdbc.SqlScriptsTestExecutionListener] due to a missing dependency. Specify custom listener classes or make the default listener classes and their required dependencies available. Offending class: [org/springframework/transaction/interceptor/TransactionAttribute]
12:47:44.973 [Test worker] INFO org.springframework.boot.test.context.SpringBootTestContextBootstrapper - Using TestExecutionListeners: [org.springframework.test.context.web.ServletTestExecutionListener@5aa0dbf4, org.springframework.test.context.support.DirtiesContextBeforeModesTestExecutionListener@16afbd92, org.springframework.test.context.event.ApplicationEventsTestExecutionListener@2c5d601e, org.springframework.boot.test.mock.mockito.MockitoTestExecutionListener@7fe083b1, org.springframework.boot.test.autoconfigure.SpringBootDependencyInjectionTestExecutionListener@23c388c2, org.springframework.test.context.support.DirtiesContextTestExecutionListener@486be205, org.springframework.test.context.event.EventPublishingTestExecutionListener@f713686, org.springframework.boot.test.autoconfigure.restdocs.RestDocsTestExecutionListener@74f7d1d2, org.springframework.boot.test.autoconfigure.web.client.MockRestServiceServerResetTestExecutionListener@4b4dd216, org.springframework.boot.test.autoconfigure.web.servlet.MockMvcPrintOnlyOnFailureTestExecutionListener@5ca17ab0, org.springframework.boot.test.autoconfigure.web.servlet.WebDriverTestExecutionListener@5a62b2a4, org.springframework.boot.test.autoconfigure.webservices.client.MockWebServiceServerTestExecutionListener@1051817b, org.springframework.boot.test.mock.mockito.ResetMocksTestExecutionListener@35293c05]
12:47:44.974 [Test worker] DEBUG org.springframework.test.context.support.AbstractDirtiesContextTestExecutionListener - Before test class: context [DefaultTestContext@2f3c6ac4 testClass = ApplicationTests, testInstance = [null], testMethod = [null], testException = [null], mergedContextConfiguration = [WebMergedContextConfiguration@2e8ab815 testClass = ApplicationTests, locations = '{}', classes = '{class com.project.rg.Calculator.Application}', contextInitializerClasses = '[]', activeProfiles = '{}', propertySourceLocations = '{}', propertySourceProperties = '{org.springframework.boot.test.context.SpringBootTestContextBootstrapper=true}', contextCustomizers = set[org.springframework.boot.test.autoconfigure.actuate.metrics.MetricsExportContextCustomizerFactory$DisableMetricExportContextCustomizer@781f10f2, org.springframework.boot.test.autoconfigure.properties.PropertyMappingContextCustomizer@0, org.springframework.boot.test.autoconfigure.web.servlet.WebDriverContextCustomizerFactory$Customizer@b7838a9, org.springframework.boot.test.context.filter.ExcludeFilterContextCustomizer@47a86fbb, org.springframework.boot.test.json.DuplicateJsonObjectContextCustomizerFactory$DuplicateJsonObjectContextCustomizer@4c4748bf, org.springframework.boot.test.mock.mockito.MockitoContextCustomizer@0, org.springframework.boot.test.web.client.TestRestTemplateContextCustomizer@57ac5227, org.springframework.boot.test.context.SpringBootTestArgs@1, org.springframework.boot.test.context.SpringBootTestWebEnvironment@24c1b2d2], resourceBasePath = 'src/main/webapp', contextLoader = 'org.springframework.boot.test.context.SpringBootContextLoader', parent = [null]], attributes = map['org.springframework.test.context.web.ServletTestExecutionListener.activateListener' -> true]], class annotated with @DirtiesContext [false] with mode [null].

  .   ____          _            __ _ _
 /\\ / ___'_ __ _ _(_)_ __  __ _ \ \ \ \
( ( )\___ | '_ | '_| | '_ \/ _` | \ \ \ \
 \\/  ___)| |_)| | | | | || (_| |  ) ) ) )
  '  |____| .__|_| |_|_| |_\__, | / / / /
 =========|_|==============|___/=/_/_/_/
 :: Spring Boot ::                (v2.7.4)

2022-12-16 12:47:45.147  INFO 91537 --- [    Test worker] c.p.r.C.service.ApplicationTests         : Starting ApplicationTests using Java 11.0.16 on MBXNY9P6K703 with PID 91537 (started by Ritu.Gupta in /Users/Ritu.Gupta/Documents/D/Rg/PROJECTS/Personal_Projects/Calculator-Backend)
2022-12-16 12:47:45.148  INFO 91537 --- [    Test worker] c.p.r.C.service.ApplicationTests         : No active profile set, falling back to 1 default profile: "default"
2022-12-16 12:47:45.800  INFO 91537 --- [    Test worker] c.p.r.C.service.ApplicationTests         : Started ApplicationTests in 0.808 seconds (JVM running for 1.411)
]]></system-out>
  <system-err><![CDATA[]]></system-err>
</testsuite>
